[I 2025-05-13 17:20:05,120] Trial 8 finished with value: 1.0 and parameters: {'num_leaves': 50, 'learning_rate': 0.05}. Best is trial 6 with value: 1.0.
[LightGBM] [Info] Number of positive: 188, number of negative: 99494
[LightGBM] [Info] Auto-choosing col-wise multi-threading, the overhead of testing was 0.002013 seconds.
You can set `force_col_wise=true` to remove the overhead.
[LightGBM] [Info] Total Bins 7420
[LightGBM] [Info] Number of data points in the train set: 99682, number of used features: 30
[LightGBM] [Info] [binary:BoostFromScore]: pavg=0.001886 -> initscore=-6.271411
[LightGBM] [Info] Start training from score -6.271411
/Users/lucasbraga/Documents/GitHub/fraud-research/venv-res/lib/python3.11/site-packages/sklearn/utils/validation.py:2739: UserWarning: X does not have valid feature names, but LGBMClassifier was fitted with feature names
  warnings.warn(
[I 2025-05-13 17:20:05,835] Trial 9 finished with value: 0.9137931034482759 and parameters: {'num_leaves': 31, 'learning_rate': 0.01}. Best is trial 6 with value: 1.0.
[LightGBM] [Info] Number of positive: 188, number of negative: 99494
[LightGBM] [Info] Auto-choosing col-wise multi-threading, the overhead of testing was 0.001972 seconds.
You can set `force_col_wise=true` to remove the overhead.
[LightGBM] [Info] Total Bins 7420
[LightGBM] [Info] Number of data points in the train set: 99682, number of used features: 30
[LightGBM] [Info] [binary:BoostFromScore]: pavg=0.001886 -> initscore=-6.271411
[LightGBM] [Info] Start training from score -6.271411
/Users/lucasbraga/Documents/GitHub/fraud-research/venv-res/lib/python3.11/site-packages/sklearn/utils/validation.py:2739: UserWarning: X does not have valid feature names, but LGBMClassifier was fitted with feature names
  warnings.warn(
[I 2025-05-13 17:20:06,594] Trial 10 finished with value: 1.0 and parameters: {'num_leaves': 31, 'learning_rate': 0.05}. Best is trial 6 with value: 1.0.
[LightGBM] [Info] Number of positive: 188, number of negative: 99494
[LightGBM] [Info] Auto-choosing col-wise multi-threading, the overhead of testing was 0.001716 seconds.
You can set `force_col_wise=true` to remove the overhead.
[LightGBM] [Info] Total Bins 7420
[LightGBM] [Info] Number of data points in the train set: 99682, number of used features: 30
[LightGBM] [Info] [binary:BoostFromScore]: pavg=0.001886 -> initscore=-6.271411
[LightGBM] [Info] Start training from score -6.271411
/Users/lucasbraga/Documents/GitHub/fraud-research/venv-res/lib/python3.11/site-packages/sklearn/utils/validation.py:2739: UserWarning: X does not have valid feature names, but LGBMClassifier was fitted with feature names
  warnings.warn(
[I 2025-05-13 17:20:07,711] Trial 11 finished with value: 1.0 and parameters: {'num_leaves': 50, 'learning_rate': 0.05}. Best is trial 6 with value: 1.0.
[LightGBM] [Info] Number of positive: 188, number of negative: 99494
[LightGBM] [Info] Auto-choosing col-wise multi-threading, the overhead of testing was 0.001727 seconds.
You can set `force_col_wise=true` to remove the overhead.
[LightGBM] [Info] Total Bins 7420
[LightGBM] [Info] Number of data points in the train set: 99682, number of used features: 30
[LightGBM] [Info] [binary:BoostFromScore]: pavg=0.001886 -> initscore=-6.271411
[LightGBM] [Info] Start training from score -6.271411
/Users/lucasbraga/Documents/GitHub/fraud-research/venv-res/lib/python3.11/site-packages/sklearn/utils/validation.py:2739: UserWarning: X does not have valid feature names, but LGBMClassifier was fitted with feature names
  warnings.warn(
[I 2025-05-13 17:20:09,221] Trial 12 finished with value: 1.0 and parameters: {'num_leaves': 70, 'learning_rate': 0.05}. Best is trial 6 with value: 1.0.
[LightGBM] [Info] Number of positive: 188, number of negative: 99494
[LightGBM] [Info] Auto-choosing col-wise multi-threading, the overhead of testing was 0.001688 seconds.
You can set `force_col_wise=true` to remove the overhead.
[LightGBM] [Info] Total Bins 7420
[LightGBM] [Info] Number of data points in the train set: 99682, number of used features: 30
[LightGBM] [Info] [binary:BoostFromScore]: pavg=0.001886 -> initscore=-6.271411
[LightGBM] [Info] Start training from score -6.271411
/Users/lucasbraga/Documents/GitHub/fraud-research/venv-res/lib/python3.11/site-packages/sklearn/utils/validation.py:2739: UserWarning: X does not have valid feature names, but LGBMClassifier was fitted with feature names
  warnings.warn(
[I 2025-05-13 17:20:10,345] Trial 13 finished with value: 1.0 and parameters: {'num_leaves': 50, 'learning_rate': 0.05}. Best is trial 6 with value: 1.0.
[LightGBM] [Info] Number of positive: 188, number of negative: 99494
[LightGBM] [Info] Auto-choosing col-wise multi-threading, the overhead of testing was 0.001965 seconds.
You can set `force_col_wise=true` to remove the overhead.
[LightGBM] [Info] Total Bins 7420
[LightGBM] [Info] Number of data points in the train set: 99682, number of used features: 30
[LightGBM] [Info] [binary:BoostFromScore]: pavg=0.001886 -> initscore=-6.271411
[LightGBM] [Info] Start training from score -6.271411
/Users/lucasbraga/Documents/GitHub/fraud-research/venv-res/lib/python3.11/site-packages/sklearn/utils/validation.py:2739: UserWarning: X does not have valid feature names, but LGBMClassifier was fitted with feature names
  warnings.warn(
[I 2025-05-13 17:20:11,105] Trial 14 finished with value: 1.0 and parameters: {'num_leaves': 31, 'learning_rate': 0.05}. Best is trial 6 with value: 1.0.
[LightGBM] [Info] Number of positive: 188, number of negative: 99494
[LightGBM] [Info] Auto-choosing col-wise multi-threading, the overhead of testing was 0.001655 seconds.
You can set `force_col_wise=true` to remove the overhead.
[LightGBM] [Info] Total Bins 7420
[LightGBM] [Info] Number of data points in the train set: 99682, number of used features: 30
[LightGBM] [Info] [binary:BoostFromScore]: pavg=0.001886 -> initscore=-6.271411
[LightGBM] [Info] Start training from score -6.271411
/Users/lucasbraga/Documents/GitHub/fraud-research/venv-res/lib/python3.11/site-packages/sklearn/utils/validation.py:2739: UserWarning: X does not have valid feature names, but LGBMClassifier was fitted with feature names
  warnings.warn(
[I 2025-05-13 17:20:12,595] Trial 15 finished with value: 1.0 and parameters: {'num_leaves': 70, 'learning_rate': 0.05}. Best is trial 6 with value: 1.0.
[LightGBM] [Info] Number of positive: 188, number of negative: 99494
[LightGBM] [Info] Auto-choosing col-wise multi-threading, the overhead of testing was 0.001917 seconds.
You can set `force_col_wise=true` to remove the overhead.
[LightGBM] [Info] Total Bins 7420
[LightGBM] [Info] Number of data points in the train set: 99682, number of used features: 30
[LightGBM] [Info] [binary:BoostFromScore]: pavg=0.001886 -> initscore=-6.271411
[LightGBM] [Info] Start training from score -6.271411
/Users/lucasbraga/Documents/GitHub/fraud-research/venv-res/lib/python3.11/site-packages/sklearn/utils/validation.py:2739: UserWarning: X does not have valid feature names, but LGBMClassifier was fitted with feature names
  warnings.warn(
[I 2025-05-13 17:20:13,725] Trial 16 finished with value: 1.0 and parameters: {'num_leaves': 50, 'learning_rate': 0.05}. Best is trial 6 with value: 1.0.
[LightGBM] [Info] Number of positive: 188, number of negative: 99494
[LightGBM] [Info] Auto-choosing col-wise multi-threading, the overhead of testing was 0.002144 seconds.
You can set `force_col_wise=true` to remove the overhead.
[LightGBM] [Info] Total Bins 7420
[LightGBM] [Info] Number of data points in the train set: 99682, number of used features: 30
[LightGBM] [Info] [binary:BoostFromScore]: pavg=0.001886 -> initscore=-6.271411
[LightGBM] [Info] Start training from score -6.271411
/Users/lucasbraga/Documents/GitHub/fraud-research/venv-res/lib/python3.11/site-packages/sklearn/utils/validation.py:2739: UserWarning: X does not have valid feature names, but LGBMClassifier was fitted with feature names
  warnings.warn(
[I 2025-05-13 17:20:14,846] Trial 17 finished with value: 1.0 and parameters: {'num_leaves': 50, 'learning_rate': 0.05}. Best is trial 6 with value: 1.0.
[LightGBM] [Info] Number of positive: 188, number of negative: 99494
[LightGBM] [Info] Auto-choosing col-wise multi-threading, the overhead of testing was 0.001946 seconds.
You can set `force_col_wise=true` to remove the overhead.
[LightGBM] [Info] Total Bins 7420
[LightGBM] [Info] Number of data points in the train set: 99682, number of used features: 30
[LightGBM] [Info] [binary:BoostFromScore]: pavg=0.001886 -> initscore=-6.271411
[LightGBM] [Info] Start training from score -6.271411
/Users/lucasbraga/Documents/GitHub/fraud-research/venv-res/lib/python3.11/site-packages/sklearn/utils/validation.py:2739: UserWarning: X does not have valid feature names, but LGBMClassifier was fitted with feature names
  warnings.warn(
[I 2025-05-13 17:20:16,343] Trial 18 finished with value: 1.0 and parameters: {'num_leaves': 70, 'learning_rate': 0.05}. Best is trial 6 with value: 1.0.
[LightGBM] [Info] Number of positive: 188, number of negative: 99494
[LightGBM] [Info] Auto-choosing col-wise multi-threading, the overhead of testing was 0.001953 seconds.
You can set `force_col_wise=true` to remove the overhead.
[LightGBM] [Info] Total Bins 7420
[LightGBM] [Info] Number of data points in the train set: 99682, number of used features: 30
[LightGBM] [Info] [binary:BoostFromScore]: pavg=0.001886 -> initscore=-6.271411
[LightGBM] [Info] Start training from score -6.271411
/Users/lucasbraga/Documents/GitHub/fraud-research/venv-res/lib/python3.11/site-packages/sklearn/utils/validation.py:2739: UserWarning: X does not have valid feature names, but LGBMClassifier was fitted with feature names
  warnings.warn(
[I 2025-05-13 17:20:17,123] Trial 19 finished with value: 0.16454749439042632 and parameters: {'num_leaves': 31, 'learning_rate': 0.1}. Best is trial 6 with value: 1.0.
[LightGBM] [Info] Number of positive: 188, number of negative: 99494
[LightGBM] [Info] Auto-choosing col-wise multi-threading, the overhead of testing was 0.001959 seconds.
You can set `force_col_wise=true` to remove the overhead.
[LightGBM] [Info] Total Bins 7420
[LightGBM] [Info] Number of data points in the train set: 99682, number of used features: 30
[LightGBM] [Info] [binary:BoostFromScore]: pavg=0.001886 -> initscore=-6.271411
[LightGBM] [Info] Start training from score -6.271411
/Users/lucasbraga/Documents/GitHub/fraud-research/venv-res/lib/python3.11/site-packages/sklearn/utils/validation.py:2739: UserWarning: X does not have valid feature names, but LGBMClassifier was fitted with feature names
  warnings.warn(
LightGBM F1-score: 0.6926